p:\c++\clank\bin\intermediates\win32\release\clank\clank.pdb
p:\c++\clank\bin\intermediates\win32\release\clank\string.obj
p:\c++\clank\bin\intermediates\win32\release\clank\vec4.obj
p:\c++\clank\bin\intermediates\win32\release\clank\vec3.obj
p:\c++\clank\bin\intermediates\win32\release\clank\vec2.obj
p:\c++\clank\bin\intermediates\win32\release\clank\mat4.obj
p:\c++\clank\bin\intermediates\win32\release\clank\windowevent.obj
p:\c++\clank\bin\intermediates\win32\release\clank\mouseevent.obj
p:\c++\clank\bin\intermediates\win32\release\clank\keyevent.obj
p:\c++\clank\bin\intermediates\win32\release\clank\application.obj
p:\c++\clank\bin\intermediates\win32\release\clank\context.obj
p:\c++\clank\bin\intermediates\win32\release\clank\shader.obj
p:\c++\clank\bin\intermediates\win32\release\clank\vertexbuffer.obj
p:\c++\clank\bin\intermediates\win32\release\clank\rectangle.obj
p:\c++\clank\bin\intermediates\win32\release\clank\renderer2d.obj
p:\c++\clank\bin\intermediates\win32\release\clank\buffer.obj
p:\c++\clank\bin\intermediates\win32\release\clank\dxerr.obj
p:\c++\clank\bin\intermediates\win32\release\clank\texture.obj
p:\c++\clank\bin\intermediates\win32\release\clank\clank.pch
p:\c++\clank\bin\intermediates\win32\release\clank\stdafx.obj
p:\c++\clank\bin\intermediates\win32\release\clank\renderable2d.obj
p:\c++\clank\bin\intermediates\win32\release\clank\layer2d.obj
p:\c++\clank\bin\intermediates\win32\release\clank\folder.obj
p:\c++\clank\bin\win32\release\makespritefont.exe
p:\c++\clank\bin\win32\release\makespritefont.pdb
p:\c++\clank\bin\win32\release\clank.lib
p:\c++\clank\bin\intermediates\win32\release\clank\clank.vcxprojresolveassemblyreference.cache
p:\c++\clank\bin\intermediates\win32\release\clank\clank.tlog\cl.command.1.tlog
p:\c++\clank\bin\intermediates\win32\release\clank\clank.tlog\cl.read.1.tlog
p:\c++\clank\bin\intermediates\win32\release\clank\clank.tlog\cl.write.1.tlog
p:\c++\clank\bin\intermediates\win32\release\clank\clank.tlog\clank.write.1u.tlog
p:\c++\clank\bin\intermediates\win32\release\clank\clank.tlog\lib-link.read.1.tlog
p:\c++\clank\bin\intermediates\win32\release\clank\clank.tlog\lib-link.write.1.tlog
p:\c++\clank\bin\intermediates\win32\release\clank\clank.tlog\lib.command.1.tlog
