p:\c++\clank\bin\intermediates\win32\release\game\vc141.pdb
p:\c++\clank\bin\intermediates\win32\release\game\main.obj
p:\c++\clank\bin\intermediates\win32\release\game\level.obj
p:\c++\clank\bin\win32\release\vs_r2d.cso
p:\c++\clank\bin\win32\release\game.lib
p:\c++\clank\bin\win32\release\game.exp
p:\c++\clank\bin\win32\release\game.ipdb
p:\c++\clank\bin\win32\release\game.iobj
p:\c++\clank\bin\win32\release\game.exe
p:\c++\clank\bin\win32\release\game.pdb
p:\c++\clank\bin\intermediates\win32\release\game\game.tlog\cl.command.1.tlog
p:\c++\clank\bin\intermediates\win32\release\game\game.tlog\cl.read.1.tlog
p:\c++\clank\bin\intermediates\win32\release\game\game.tlog\cl.write.1.tlog
p:\c++\clank\bin\intermediates\win32\release\game\game.tlog\fxc.command.1.tlog
p:\c++\clank\bin\intermediates\win32\release\game\game.tlog\fxc.read.1.tlog
p:\c++\clank\bin\intermediates\win32\release\game\game.tlog\fxc.write.1.tlog
p:\c++\clank\bin\intermediates\win32\release\game\game.tlog\game.write.1u.tlog
p:\c++\clank\bin\intermediates\win32\release\game\game.tlog\link.command.1.tlog
p:\c++\clank\bin\intermediates\win32\release\game\game.tlog\link.read.1.tlog
p:\c++\clank\bin\intermediates\win32\release\game\game.tlog\link.write.1.tlog
