c:\c++\clank\bin\intermediates\win32\release\conway's game of life\vc141.pdb
c:\c++\clank\bin\intermediates\win32\release\conway's game of life\main.obj
c:\c++\clank\bin\intermediates\win32\release\conway's game of life\universe.obj
c:\c++\clank\bin\win32\release\vs_r2d.cso
c:\c++\clank\bin\win32\release\conway's game of life.lib
c:\c++\clank\bin\win32\release\conway's game of life.exp
c:\c++\clank\bin\win32\release\conway's game of life.ipdb
c:\c++\clank\bin\win32\release\conway's game of life.iobj
c:\c++\clank\bin\win32\release\conway's game of life.exe
c:\c++\clank\bin\win32\release\conway's game of life.pdb
c:\c++\clank\bin\intermediates\win32\release\conway's game of life\conway's.2c591de8.tlog\cl.command.1.tlog
c:\c++\clank\bin\intermediates\win32\release\conway's game of life\conway's.2c591de8.tlog\cl.read.1.tlog
c:\c++\clank\bin\intermediates\win32\release\conway's game of life\conway's.2c591de8.tlog\cl.write.1.tlog
c:\c++\clank\bin\intermediates\win32\release\conway's game of life\conway's.2c591de8.tlog\conway's game of life.write.1u.tlog
c:\c++\clank\bin\intermediates\win32\release\conway's game of life\conway's.2c591de8.tlog\fxc.command.1.tlog
c:\c++\clank\bin\intermediates\win32\release\conway's game of life\conway's.2c591de8.tlog\fxc.read.1.tlog
c:\c++\clank\bin\intermediates\win32\release\conway's game of life\conway's.2c591de8.tlog\fxc.write.1.tlog
c:\c++\clank\bin\intermediates\win32\release\conway's game of life\conway's.2c591de8.tlog\link.command.1.tlog
c:\c++\clank\bin\intermediates\win32\release\conway's game of life\conway's.2c591de8.tlog\link.read.1.tlog
c:\c++\clank\bin\intermediates\win32\release\conway's game of life\conway's.2c591de8.tlog\link.write.1.tlog
