p:\c++\clank\bin\intermediates\win32\release\directxtk_desktop_2017_win10\directxtk.pch
p:\c++\clank\bin\intermediates\win32\release\directxtk_desktop_2017_win10\directxtk.pdb
p:\c++\clank\bin\intermediates\win32\release\directxtk_desktop_2017_win10\pch.obj
p:\c++\clank\bin\intermediates\win32\release\directxtk_desktop_2017_win10\effectfactory.obj
p:\c++\clank\bin\intermediates\win32\release\directxtk_desktop_2017_win10\effectcommon.obj
p:\c++\clank\bin\intermediates\win32\release\directxtk_desktop_2017_win10\binaryreader.obj
p:\c++\clank\bin\intermediates\win32\release\directxtk_desktop_2017_win10\dualtextureeffect.obj
p:\c++\clank\bin\intermediates\win32\release\directxtk_desktop_2017_win10\dualpostprocess.obj
p:\c++\clank\bin\intermediates\win32\release\directxtk_desktop_2017_win10\dgsleffectfactory.obj
p:\c++\clank\bin\intermediates\win32\release\directxtk_desktop_2017_win10\dgsleffect.obj
p:\c++\clank\bin\intermediates\win32\release\directxtk_desktop_2017_win10\ddstextureloader.obj
p:\c++\clank\bin\intermediates\win32\release\directxtk_desktop_2017_win10\commonstates.obj
p:\c++\clank\bin\intermediates\win32\release\directxtk_desktop_2017_win10\basicpostprocess.obj
p:\c++\clank\bin\intermediates\win32\release\directxtk_desktop_2017_win10\basiceffect.obj
p:\c++\clank\bin\intermediates\win32\release\directxtk_desktop_2017_win10\alphatesteffect.obj
p:\c++\clank\bin\intermediates\win32\release\directxtk_desktop_2017_win10\wavfilereader.obj
p:\c++\clank\bin\intermediates\win32\release\directxtk_desktop_2017_win10\wavebankreader.obj
p:\c++\clank\bin\intermediates\win32\release\directxtk_desktop_2017_win10\wavebank.obj
p:\c++\clank\bin\intermediates\win32\release\directxtk_desktop_2017_win10\soundeffectinstance.obj
p:\c++\clank\bin\intermediates\win32\release\directxtk_desktop_2017_win10\soundeffect.obj
p:\c++\clank\bin\intermediates\win32\release\directxtk_desktop_2017_win10\soundcommon.obj
p:\c++\clank\bin\intermediates\win32\release\directxtk_desktop_2017_win10\dynamicsoundeffectinstance.obj
p:\c++\clank\bin\intermediates\win32\release\directxtk_desktop_2017_win10\audioengine.obj
p:\c++\clank\bin\intermediates\win32\release\directxtk_desktop_2017_win10\vertextypes.obj
p:\c++\clank\bin\intermediates\win32\release\directxtk_desktop_2017_win10\tonemappostprocess.obj
p:\c++\clank\bin\intermediates\win32\release\directxtk_desktop_2017_win10\spritefont.obj
p:\c++\clank\bin\intermediates\win32\release\directxtk_desktop_2017_win10\primitivebatch.obj
p:\c++\clank\bin\intermediates\win32\release\directxtk_desktop_2017_win10\spritebatch.obj
p:\c++\clank\bin\intermediates\win32\release\directxtk_desktop_2017_win10\skinnedeffect.obj
p:\c++\clank\bin\intermediates\win32\release\directxtk_desktop_2017_win10\simplemath.obj
p:\c++\clank\bin\intermediates\win32\release\directxtk_desktop_2017_win10\screengrab.obj
p:\c++\clank\bin\intermediates\win32\release\directxtk_desktop_2017_win10\normalmapeffect.obj
p:\c++\clank\bin\intermediates\win32\release\directxtk_desktop_2017_win10\mouse.obj
p:\c++\clank\bin\intermediates\win32\release\directxtk_desktop_2017_win10\modelloadvbo.obj
p:\c++\clank\bin\intermediates\win32\release\directxtk_desktop_2017_win10\modelloadsdkmesh.obj
p:\c++\clank\bin\intermediates\win32\release\directxtk_desktop_2017_win10\modelloadcmo.obj
p:\c++\clank\bin\intermediates\win32\release\directxtk_desktop_2017_win10\model.obj
p:\c++\clank\bin\intermediates\win32\release\directxtk_desktop_2017_win10\keyboard.obj
p:\c++\clank\bin\intermediates\win32\release\directxtk_desktop_2017_win10\graphicsmemory.obj
p:\c++\clank\bin\intermediates\win32\release\directxtk_desktop_2017_win10\geometry.obj
p:\c++\clank\bin\intermediates\win32\release\directxtk_desktop_2017_win10\geometricprimitive.obj
p:\c++\clank\bin\intermediates\win32\release\directxtk_desktop_2017_win10\gamepad.obj
p:\c++\clank\bin\intermediates\win32\release\directxtk_desktop_2017_win10\environmentmapeffect.obj
p:\c++\clank\bin\intermediates\win32\release\directxtk_desktop_2017_win10\wictextureloader.obj
p:\c++\clank\bin\win32\release\directxtk.lib
p:\c++\clank\bin\intermediates\win32\release\directxtk_desktop_2017_win10\directxt.e0b52ae7.tlog\cl.command.1.tlog
p:\c++\clank\bin\intermediates\win32\release\directxtk_desktop_2017_win10\directxt.e0b52ae7.tlog\cl.read.1.tlog
p:\c++\clank\bin\intermediates\win32\release\directxtk_desktop_2017_win10\directxt.e0b52ae7.tlog\cl.write.1.tlog
p:\c++\clank\bin\intermediates\win32\release\directxtk_desktop_2017_win10\directxt.e0b52ae7.tlog\lib-link.read.1.tlog
p:\c++\clank\bin\intermediates\win32\release\directxtk_desktop_2017_win10\directxt.e0b52ae7.tlog\lib-link.write.1.tlog
p:\c++\clank\bin\intermediates\win32\release\directxtk_desktop_2017_win10\directxt.e0b52ae7.tlog\lib.command.1.tlog
